[0m[[0m[0mdebug[0m] [0m[0m> Exec(test, Some(6beddc41-c6f9-4542-ad10-bf4f41480677), Some(CommandSource(console0)))[0m
[0m[[0m[0mdebug[0m] [0m[0mEvaluating tasks: Test / test[0m
[0m[[0m[0mdebug[0m] [0m[0mRunning task... Cancel: Signal, check cycles: false, forcegc: true[0m
[0m[[0m[0minfo[0m] [0m[0mscalafmt: Formatting 1 Scala sources (/Users/malomiquel/Downloads/Exam-Scala/wikipages)...[0m
[0m[[0m[0minfo[0m] [0m[0mcompiling 1 Scala source to /Users/malomiquel/Downloads/Exam-Scala/wikipages/target/scala-2.12/test-classes ...[0m
[0m[[0m[0minfo[0m] [0m[0m[32mMainSpec:[0m[0m
[0m[[0m[0minfo[0m] [0m[0m[32mformatUrl[0m[0m
[0m[[0m[0minfo[0m] [0m[0m[32m- should return a valid url[0m[0m
[0m[[0m[0minfo[0m] [0m[0m[32mparseJson[0m[0m
[0m[[0m[0minfo[0m] [0m[0m[32m- should return a list of WikiPage[0m[0m
[0m[[0m[0minfo[0m] [0m[0m[32mtotalWords[0m[0m
[0m[[0m[0minfo[0m] [0m[0m[32m- should return 0 when the list is empty[0m[0m
[0m[[0m[0minfo[0m] [0m[0m[32mtotalWords[0m[0m
[0m[[0m[0minfo[0m] [0m[0m[32m- should return the total number of words when the list is not empty[0m[0m
[0m[[0m[0minfo[0m] [0m[0m[32mparseArguments[0m[0m
[0m[[0m[0minfo[0m] [0m[0m[32m- should return an error when the arguments are not valid[0m[0m
[0m[[0m[0minfo[0m] [0m[0m[32mparseArguments[0m[0m
[0m[[0m[0minfo[0m] [0m[0m[32m- should return an error when the required argument is not valid pass[0m[0m
[0m[[0m[0minfo[0m] [0m[0m[32mparseArguments[0m[0m
[0m[[0m[0minfo[0m] [0m[0m[32m- should return a Config when the arguments are valid[0m[0m
[0m[[0m[0minfo[0m] [0m[0m[36mRun completed in 1 second, 459 milliseconds.[0m[0m
[0m[[0m[0minfo[0m] [0m[0m[36mTotal number of tests run: 7[0m[0m
[0m[[0m[0minfo[0m] [0m[0m[36mSuites: completed 1, aborted 0[0m[0m
[0m[[0m[0minfo[0m] [0m[0m[36mTests: succeeded 7, failed 0, canceled 0, ignored 0, pending 0[0m[0m
[0m[[0m[0minfo[0m] [0m[0m[32mAll tests passed.[0m[0m
[0m[[0m[32msuccess[0m] [0m[0mTotal time: 3 s, completed 20 juin 2023, 11:50:15[0m
[0m[[0m[0mdebug[0m] [0m[0m> Exec(shell, None, None)[0m
